20:32:14 **** Incremental Build of configuration Device-Release for project Client ****
make -j4 Device-Release 
make -C .//translations -f Makefile update
make[1]: Entering directory '/Data/bb10_dev/FTP_Client/Client/translations'
/home/aranade/Work/BBDevelopment/bbndk/host_10_3_1_12/linux/x86/usr/bin/lupdate Client.pro
Updating 'Client.ts'...
    Found 1 source text(s) (0 new and 1 already existing)
make[1]: Leaving directory '/Data/bb10_dev/FTP_Client/Client/translations'
make -C .//translations -f Makefile release
make[1]: Entering directory '/Data/bb10_dev/FTP_Client/Client/translations'
/home/aranade/Work/BBDevelopment/bbndk/host_10_3_1_12/linux/x86/usr/bin/lrelease Client.pro
Updating '/Data/bb10_dev/FTP_Client/Client/translations/Client.qm'...
    Generated 0 translation(s) (0 finished and 0 unfinished)
    Ignored 1 untranslated source text(s)
make[1]: Leaving directory '/Data/bb10_dev/FTP_Client/Client/translations'
make -C ./arm -f Makefile release
make[1]: Entering directory '/Data/bb10_dev/FTP_Client/Client/arm'
make -f Makefile.Release
make[2]: Entering directory '/Data/bb10_dev/FTP_Client/Client/arm'
make[2]: Nothing to be done for 'first'.
make[2]: Leaving directory '/Data/bb10_dev/FTP_Client/Client/arm'
make[1]: Leaving directory '/Data/bb10_dev/FTP_Client/Client/arm'

20:32:14 Build Finished (took 214ms)

