17:04:51 **** Incremental Build of configuration Device-Debug for project Upload ****
make -j4 Device-Debug 
make -C ./translations -f Makefile update
make[1]: Entering directory '/Data/bb10_dev/FTP_Client/Upload/translations'
/home/aranade/Work/BBDevelopment/bbndk/host_10_3_1_12/linux/x86/usr/bin/lupdate Upload.pro
Updating 'Upload.ts'...
    Found 1 source text(s) (0 new and 1 already existing)
make[1]: Leaving directory '/Data/bb10_dev/FTP_Client/Upload/translations'
make -C ./translations -f Makefile release
make[1]: Entering directory '/Data/bb10_dev/FTP_Client/Upload/translations'
mkdir -p qm
/home/aranade/Work/BBDevelopment/bbndk/host_10_3_1_12/linux/x86/usr/bin/lrelease Upload.pro
Updating '/Data/bb10_dev/FTP_Client/Upload/translations/Upload.qm'...
    Generated 0 translation(s) (0 finished and 0 unfinished)
    Ignored 1 untranslated source text(s)
mv *.qm qm/
cd qm && rcc -project -o ../Upload_translations.qrc
mv Upload_translations.qrc qm/
make[1]: Leaving directory '/Data/bb10_dev/FTP_Client/Upload/translations'
make -C ./arm -f Makefile debug
make[1]: Entering directory '/Data/bb10_dev/FTP_Client/Upload/arm'
/home/aranade/Work/BBDevelopment/bbndk/host_10_3_1_12/linux/x86/usr/bin/qmake -spec /home/aranade/Work/BBDevelopment/bbndk/target_10_3_1_995/qnx6/usr/share/qt4/mkspecs/blackberry-armv7le-qcc CONFIG+=debug_and_release CONFIG+=device -o Makefile ../Upload.pro
make -f Makefile.Debug
make[2]: Entering directory '/Data/bb10_dev/FTP_Client/Upload/arm'
make[2]: Nothing to be done for 'first'.
make[2]: Leaving directory '/Data/bb10_dev/FTP_Client/Upload/arm'
make[1]: Leaving directory '/Data/bb10_dev/FTP_Client/Upload/arm'
17:05:41 **** Rebuild of configuration Device-Debug for project Upload ****
Info: Internal Builder is used for build
Info: Parallel threads used: 0
17:06:29 **** Build of configuration Device-Debug for project Upload ****
make -j4 Device-Debug 
make -C .//translations -f Makefile update
cd arm && /home/aranade/Work/BBDevelopment/bbndk/host_10_3_1_12/linux/x86/usr/bin/qmake -spec blackberry-armv7le-qcc ../Upload.pro CONFIG+=debug_and_release CONFIG+=device
make[1]: Entering directory '/Data/bb10_dev/FTP_Client/Upload/translations'
/home/aranade/Work/BBDevelopment/bbndk/host_10_3_1_12/linux/x86/usr/bin/lupdate Upload.pro
Updating 'Upload.ts'...
    Found 3 source text(s) (3 new and 0 already existing)
make[1]: Leaving directory '/Data/bb10_dev/FTP_Client/Upload/translations'
make -C .//translations -f Makefile release
make[1]: Entering directory '/Data/bb10_dev/FTP_Client/Upload/translations'
/home/aranade/Work/BBDevelopment/bbndk/host_10_3_1_12/linux/x86/usr/bin/lrelease Upload.pro
Updating '/Data/bb10_dev/FTP_Client/Upload/translations/Upload.qm'...
    Generated 0 translation(s) (0 finished and 0 unfinished)
    Ignored 3 untranslated source text(s)
make[1]: Leaving directory '/Data/bb10_dev/FTP_Client/Upload/translations'
make -C ./arm -f Makefile debug
make[1]: Entering directory '/Data/bb10_dev/FTP_Client/Upload/arm'
make -f Makefile.Debug
make[2]: Entering directory '/Data/bb10_dev/FTP_Client/Upload/arm'
/home/aranade/Work/BBDevelopment/bbndk/host_10_3_1_12/linux/x86/usr/bin/moc -DQT_NO_IMPORT_QT47_QML -DQ_OS_BLACKBERRY -DQT_DECLARATIVE_DEBUG -DQT_DECLARATIVE_LIB -DQT_CORE_LIB -DQT_SHARED -I/home/aranade/Work/BBDevelopment/bbndk/target_10_3_1_995/qnx6/usr/share/qt4/mkspecs/blackberry-armv7le-qcc -I../../Upload -I/home/aranade/Work/BBDevelopment/bbndk/target_10_3_1_995/qnx6/usr/include/qt4/QtCore -I/home/aranade/Work/BBDevelopment/bbndk/target_10_3_1_995/qnx6/usr/include/qt4/QtDeclarative -I/home/aranade/Work/BBDevelopment/bbndk/target_10_3_1_995/qnx6/usr/include/qt4 -Io.le-v7-g/.moc -I/home/aranade/Work/BBDevelopment/bbndk/target_10_3_1_995/qnx6/usr/include/bb1 -I/home/aranade/Work/BBDevelopment/bbndk/target_10_3_1_995/qnx6/usr/include -I/home/aranade/Work/BBDevelopment/bbndk/target_10_3_1_995/qnx6/usr/include/freetype2 -I. -D__QNXNTO__ ../src/applicationui.hpp -o o.le-v7-g/.moc/moc_applicationui.cpp
qcc -Vgcc_ntoarmv7le -Wno-psabi -lang-c++ -fstack-protector -fstack-protector-all -mcpu=cortex-a9 -g -Wno-psabi -Wall -W -D_REENTRANT -DQT_NO_IMPORT_QT47_QML -DQ_OS_BLACKBERRY -DQT_DECLARATIVE_DEBUG -DQT_DECLARATIVE_LIB -DQT_CORE_LIB -DQT_SHARED -I/home/aranade/Work/BBDevelopment/bbndk/target_10_3_1_995/qnx6/usr/share/qt4/mkspecs/blackberry-armv7le-qcc -I../../Upload -I/home/aranade/Work/BBDevelopment/bbndk/target_10_3_1_995/qnx6/usr/include/qt4/QtCore -I/home/aranade/Work/BBDevelopment/bbndk/target_10_3_1_995/qnx6/usr/include/qt4/QtDeclarative -I/home/aranade/Work/BBDevelopment/bbndk/target_10_3_1_995/qnx6/usr/include/qt4 -Io.le-v7-g/.moc -I/home/aranade/Work/BBDevelopment/bbndk/target_10_3_1_995/qnx6/usr/include/bb1 -I/home/aranade/Work/BBDevelopment/bbndk/target_10_3_1_995/qnx6/usr/include -I/home/aranade/Work/BBDevelopment/bbndk/target_10_3_1_995/qnx6/usr/include/freetype2 -I. -x c++-header -c ../precompiled.h -o o.le-v7-g/.obj/Upload.gch/c++
/home/aranade/Work/BBDevelopment/bbndk/host_10_3_1_12/linux/x86/usr/bin/moc -DQT_NO_IMPORT_QT47_QML -DQ_OS_BLACKBERRY -DQT_DECLARATIVE_DEBUG -DQT_DECLARATIVE_LIB -DQT_CORE_LIB -DQT_SHARED -I/home/aranade/Work/BBDevelopment/bbndk/target_10_3_1_995/qnx6/usr/share/qt4/mkspecs/blackberry-armv7le-qcc -I../../Upload -I/home/aranade/Work/BBDevelopment/bbndk/target_10_3_1_995/qnx6/usr/include/qt4/QtCore -I/home/aranade/Work/BBDevelopment/bbndk/target_10_3_1_995/qnx6/usr/include/qt4/QtDeclarative -I/home/aranade/Work/BBDevelopment/bbndk/target_10_3_1_995/qnx6/usr/include/qt4 -Io.le-v7-g/.moc -I/home/aranade/Work/BBDevelopment/bbndk/target_10_3_1_995/qnx6/usr/include/bb1 -I/home/aranade/Work/BBDevelopment/bbndk/target_10_3_1_995/qnx6/usr/include -I/home/aranade/Work/BBDevelopment/bbndk/target_10_3_1_995/qnx6/usr/include/freetype2 -I. -D__QNXNTO__ ../src/applicationuibase.hpp -o o.le-v7-g/.moc/moc_applicationuibase.cpp
/home/aranade/Work/BBDevelopment/bbndk/host_10_3_1_12/linux/x86/usr/bin/moc -DQT_NO_IMPORT_QT47_QML -DQ_OS_BLACKBERRY -DQT_DECLARATIVE_DEBUG -DQT_DECLARATIVE_LIB -DQT_CORE_LIB -DQT_SHARED -I/home/aranade/Work/BBDevelopment/bbndk/target_10_3_1_995/qnx6/usr/share/qt4/mkspecs/blackberry-armv7le-qcc -I../../Upload -I/home/aranade/Work/BBDevelopment/bbndk/target_10_3_1_995/qnx6/usr/include/qt4/QtCore -I/home/aranade/Work/BBDevelopment/bbndk/target_10_3_1_995/qnx6/usr/include/qt4/QtDeclarative -I/home/aranade/Work/BBDevelopment/bbndk/target_10_3_1_995/qnx6/usr/include/qt4 -Io.le-v7-g/.moc -I/home/aranade/Work/BBDevelopment/bbndk/target_10_3_1_995/qnx6/usr/include/bb1 -I/home/aranade/Work/BBDevelopment/bbndk/target_10_3_1_995/qnx6/usr/include -I/home/aranade/Work/BBDevelopment/bbndk/target_10_3_1_995/qnx6/usr/include/freetype2 -I. -D__QNXNTO__ ../src/cardui.hpp -o o.le-v7-g/.moc/moc_cardui.cpp
qcc -Vgcc_ntoarmv7le -c -Wc,-include -Wc,o.le-v7-g/.obj/Upload -Wno-psabi -lang-c++ -fstack-protector -fstack-protector-all -mcpu=cortex-a9 -g -Wno-psabi -Wall -W -D_REENTRANT -DQT_NO_IMPORT_QT47_QML -DQ_OS_BLACKBERRY -DQT_DECLARATIVE_DEBUG -DQT_DECLARATIVE_LIB -DQT_CORE_LIB -DQT_SHARED -I/home/aranade/Work/BBDevelopment/bbndk/target_10_3_1_995/qnx6/usr/share/qt4/mkspecs/blackberry-armv7le-qcc -I../../Upload -I/home/aranade/Work/BBDevelopment/bbndk/target_10_3_1_995/qnx6/usr/include/qt4/QtCore -I/home/aranade/Work/BBDevelopment/bbndk/target_10_3_1_995/qnx6/usr/include/qt4/QtDeclarative -I/home/aranade/Work/BBDevelopment/bbndk/target_10_3_1_995/qnx6/usr/include/qt4 -Io.le-v7-g/.moc -I/home/aranade/Work/BBDevelopment/bbndk/target_10_3_1_995/qnx6/usr/include/bb1 -I/home/aranade/Work/BBDevelopment/bbndk/target_10_3_1_995/qnx6/usr/include -I/home/aranade/Work/BBDevelopment/bbndk/target_10_3_1_995/qnx6/usr/include/freetype2 -I. -o o.le-v7-g/.obj/applicationui.o ../src/applicationui.cpp
qcc -Vgcc_ntoarmv7le -c -Wc,-include -Wc,o.le-v7-g/.obj/Upload -Wno-psabi -lang-c++ -fstack-protector -fstack-protector-all -mcpu=cortex-a9 -g -Wno-psabi -Wall -W -D_REENTRANT -DQT_NO_IMPORT_QT47_QML -DQ_OS_BLACKBERRY -DQT_DECLARATIVE_DEBUG -DQT_DECLARATIVE_LIB -DQT_CORE_LIB -DQT_SHARED -I/home/aranade/Work/BBDevelopment/bbndk/target_10_3_1_995/qnx6/usr/share/qt4/mkspecs/blackberry-armv7le-qcc -I../../Upload -I/home/aranade/Work/BBDevelopment/bbndk/target_10_3_1_995/qnx6/usr/include/qt4/QtCore -I/home/aranade/Work/BBDevelopment/bbndk/target_10_3_1_995/qnx6/usr/include/qt4/QtDeclarative -I/home/aranade/Work/BBDevelopment/bbndk/target_10_3_1_995/qnx6/usr/include/qt4 -Io.le-v7-g/.moc -I/home/aranade/Work/BBDevelopment/bbndk/target_10_3_1_995/qnx6/usr/include/bb1 -I/home/aranade/Work/BBDevelopment/bbndk/target_10_3_1_995/qnx6/usr/include -I/home/aranade/Work/BBDevelopment/bbndk/target_10_3_1_995/qnx6/usr/include/freetype2 -I. -o o.le-v7-g/.obj/applicationuibase.o ../src/applicationuibase.cpp
qcc -Vgcc_ntoarmv7le -c -Wc,-include -Wc,o.le-v7-g/.obj/Upload -Wno-psabi -lang-c++ -fstack-protector -fstack-protector-all -mcpu=cortex-a9 -g -Wno-psabi -Wall -W -D_REENTRANT -DQT_NO_IMPORT_QT47_QML -DQ_OS_BLACKBERRY -DQT_DECLARATIVE_DEBUG -DQT_DECLARATIVE_LIB -DQT_CORE_LIB -DQT_SHARED -I/home/aranade/Work/BBDevelopment/bbndk/target_10_3_1_995/qnx6/usr/share/qt4/mkspecs/blackberry-armv7le-qcc -I../../Upload -I/home/aranade/Work/BBDevelopment/bbndk/target_10_3_1_995/qnx6/usr/include/qt4/QtCore -I/home/aranade/Work/BBDevelopment/bbndk/target_10_3_1_995/qnx6/usr/include/qt4/QtDeclarative -I/home/aranade/Work/BBDevelopment/bbndk/target_10_3_1_995/qnx6/usr/include/qt4 -Io.le-v7-g/.moc -I/home/aranade/Work/BBDevelopment/bbndk/target_10_3_1_995/qnx6/usr/include/bb1 -I/home/aranade/Work/BBDevelopment/bbndk/target_10_3_1_995/qnx6/usr/include -I/home/aranade/Work/BBDevelopment/bbndk/target_10_3_1_995/qnx6/usr/include/freetype2 -I. -o o.le-v7-g/.obj/cardui.o ../src/cardui.cpp
qcc -Vgcc_ntoarmv7le -c -Wc,-include -Wc,o.le-v7-g/.obj/Upload -Wno-psabi -lang-c++ -fstack-protector -fstack-protector-all -mcpu=cortex-a9 -g -Wno-psabi -Wall -W -D_REENTRANT -DQT_NO_IMPORT_QT47_QML -DQ_OS_BLACKBERRY -DQT_DECLARATIVE_DEBUG -DQT_DECLARATIVE_LIB -DQT_CORE_LIB -DQT_SHARED -I/home/aranade/Work/BBDevelopment/bbndk/target_10_3_1_995/qnx6/usr/share/qt4/mkspecs/blackberry-armv7le-qcc -I../../Upload -I/home/aranade/Work/BBDevelopment/bbndk/target_10_3_1_995/qnx6/usr/include/qt4/QtCore -I/home/aranade/Work/BBDevelopment/bbndk/target_10_3_1_995/qnx6/usr/include/qt4/QtDeclarative -I/home/aranade/Work/BBDevelopment/bbndk/target_10_3_1_995/qnx6/usr/include/qt4 -Io.le-v7-g/.moc -I/home/aranade/Work/BBDevelopment/bbndk/target_10_3_1_995/qnx6/usr/include/bb1 -I/home/aranade/Work/BBDevelopment/bbndk/target_10_3_1_995/qnx6/usr/include -I/home/aranade/Work/BBDevelopment/bbndk/target_10_3_1_995/qnx6/usr/include/freetype2 -I. -o o.le-v7-g/.obj/main.o ../src/main.cpp
qcc -Vgcc_ntoarmv7le -c -Wc,-include -Wc,o.le-v7-g/.obj/Upload -Wno-psabi -lang-c++ -fstack-protector -fstack-protector-all -mcpu=cortex-a9 -g -Wno-psabi -Wall -W -D_REENTRANT -DQT_NO_IMPORT_QT47_QML -DQ_OS_BLACKBERRY -DQT_DECLARATIVE_DEBUG -DQT_DECLARATIVE_LIB -DQT_CORE_LIB -DQT_SHARED -I/home/aranade/Work/BBDevelopment/bbndk/target_10_3_1_995/qnx6/usr/share/qt4/mkspecs/blackberry-armv7le-qcc -I../../Upload -I/home/aranade/Work/BBDevelopment/bbndk/target_10_3_1_995/qnx6/usr/include/qt4/QtCore -I/home/aranade/Work/BBDevelopment/bbndk/target_10_3_1_995/qnx6/usr/include/qt4/QtDeclarative -I/home/aranade/Work/BBDevelopment/bbndk/target_10_3_1_995/qnx6/usr/include/qt4 -Io.le-v7-g/.moc -I/home/aranade/Work/BBDevelopment/bbndk/target_10_3_1_995/qnx6/usr/include/bb1 -I/home/aranade/Work/BBDevelopment/bbndk/target_10_3_1_995/qnx6/usr/include -I/home/aranade/Work/BBDevelopment/bbndk/target_10_3_1_995/qnx6/usr/include/freetype2 -I. -o o.le-v7-g/.obj/moc_applicationui.o o.le-v7-g/.moc/moc_applicationui.cpp
qcc -Vgcc_ntoarmv7le -c -Wc,-include -Wc,o.le-v7-g/.obj/Upload -Wno-psabi -lang-c++ -fstack-protector -fstack-protector-all -mcpu=cortex-a9 -g -Wno-psabi -Wall -W -D_REENTRANT -DQT_NO_IMPORT_QT47_QML -DQ_OS_BLACKBERRY -DQT_DECLARATIVE_DEBUG -DQT_DECLARATIVE_LIB -DQT_CORE_LIB -DQT_SHARED -I/home/aranade/Work/BBDevelopment/bbndk/target_10_3_1_995/qnx6/usr/share/qt4/mkspecs/blackberry-armv7le-qcc -I../../Upload -I/home/aranade/Work/BBDevelopment/bbndk/target_10_3_1_995/qnx6/usr/include/qt4/QtCore -I/home/aranade/Work/BBDevelopment/bbndk/target_10_3_1_995/qnx6/usr/include/qt4/QtDeclarative -I/home/aranade/Work/BBDevelopment/bbndk/target_10_3_1_995/qnx6/usr/include/qt4 -Io.le-v7-g/.moc -I/home/aranade/Work/BBDevelopment/bbndk/target_10_3_1_995/qnx6/usr/include/bb1 -I/home/aranade/Work/BBDevelopment/bbndk/target_10_3_1_995/qnx6/usr/include -I/home/aranade/Work/BBDevelopment/bbndk/target_10_3_1_995/qnx6/usr/include/freetype2 -I. -o o.le-v7-g/.obj/moc_applicationuibase.o o.le-v7-g/.moc/moc_applicationuibase.cpp
qcc -Vgcc_ntoarmv7le -c -Wc,-include -Wc,o.le-v7-g/.obj/Upload -Wno-psabi -lang-c++ -fstack-protector -fstack-protector-all -mcpu=cortex-a9 -g -Wno-psabi -Wall -W -D_REENTRANT -DQT_NO_IMPORT_QT47_QML -DQ_OS_BLACKBERRY -DQT_DECLARATIVE_DEBUG -DQT_DECLARATIVE_LIB -DQT_CORE_LIB -DQT_SHARED -I/home/aranade/Work/BBDevelopment/bbndk/target_10_3_1_995/qnx6/usr/share/qt4/mkspecs/blackberry-armv7le-qcc -I../../Upload -I/home/aranade/Work/BBDevelopment/bbndk/target_10_3_1_995/qnx6/usr/include/qt4/QtCore -I/home/aranade/Work/BBDevelopment/bbndk/target_10_3_1_995/qnx6/usr/include/qt4/QtDeclarative -I/home/aranade/Work/BBDevelopment/bbndk/target_10_3_1_995/qnx6/usr/include/qt4 -Io.le-v7-g/.moc -I/home/aranade/Work/BBDevelopment/bbndk/target_10_3_1_995/qnx6/usr/include/bb1 -I/home/aranade/Work/BBDevelopment/bbndk/target_10_3_1_995/qnx6/usr/include -I/home/aranade/Work/BBDevelopment/bbndk/target_10_3_1_995/qnx6/usr/include/freetype2 -I. -o o.le-v7-g/.obj/moc_cardui.o o.le-v7-g/.moc/moc_cardui.cpp
qcc -Vgcc_ntoarmv7le -lang-c++ -Wl,-rpath-link,/home/aranade/Work/BBDevelopment/bbndk/target_10_3_1_995/qnx6/armle-v7/lib -Wl,-rpath-link,/home/aranade/Work/BBDevelopment/bbndk/target_10_3_1_995/qnx6/armle-v7/usr/lib -Wl,-rpath-link,/home/aranade/Work/BBDevelopment/bbndk/target_10_3_1_995/qnx6/armle-v7/usr/lib/qt4/lib -Wl,-rpath-link,/home/aranade/Work/BBDevelopment/bbndk/target_10_3_1_995/qnx6/armle-v7/usr/lib/qt4/lib -o o.le-v7-g/Upload o.le-v7-g/.obj/applicationui.o o.le-v7-g/.obj/applicationuibase.o o.le-v7-g/.obj/cardui.o o.le-v7-g/.obj/main.o o.le-v7-g/.obj/moc_applicationui.o o.le-v7-g/.obj/moc_applicationuibase.o o.le-v7-g/.obj/moc_cardui.o    -L/home/aranade/Work/BBDevelopment/bbndk/target_10_3_1_995/qnx6/armle-v7/usr/lib/bb1 -L/home/aranade/Work/BBDevelopment/bbndk/target_10_3_1_995/qnx6/armle-v7/lib -L/home/aranade/Work/BBDevelopment/bbndk/target_10_3_1_995/qnx6/armle-v7/usr/lib -L/home/aranade/Work/BBDevelopment/bbndk/target_10_3_1_995/qnx6/armle-v7/usr/lib/qt4/lib -L/home/aranade/Work/BBDevelopment/bbndk/target_10_3_1_995/qnx6//usr/lib/qt4/lib -lbb -lbbsystem -lbbcascades -lQtDeclarative -lQtScript -lQtSvg -lQtSql -lsqlite3 -lz -lQtXmlPatterns -lQtGui -lQtNetwork -lsocket -lQtCore -lm -lbps 
make[2]: Leaving directory '/Data/bb10_dev/FTP_Client/Upload/arm'
make[1]: Leaving directory '/Data/bb10_dev/FTP_Client/Upload/arm'
20:17:57 **** Build of configuration Device-Debug for project Client ****
make -j4 Device-Debug 
make -C .//translations -f Makefile update
cd arm && /home/aranade/Work/BBDevelopment/bbndk/host_10_3_1_12/linux/x86/usr/bin/qmake -spec blackberry-armv7le-qcc ../Client.pro CONFIG+=debug_and_release CONFIG+=device
make[1]: Entering directory '/Data/bb10_dev/FTP_Client/Client/translations'
/home/aranade/Work/BBDevelopment/bbndk/host_10_3_1_12/linux/x86/usr/bin/lupdate Client.pro
Updating 'Client.ts'...
    Found 1 source text(s) (1 new and 0 already existing)
make[1]: Leaving directory '/Data/bb10_dev/FTP_Client/Client/translations'
make -C .//translations -f Makefile release
make[1]: Entering directory '/Data/bb10_dev/FTP_Client/Client/translations'
/home/aranade/Work/BBDevelopment/bbndk/host_10_3_1_12/linux/x86/usr/bin/lrelease Client.pro
Updating '/Data/bb10_dev/FTP_Client/Client/translations/Client.qm'...
    Generated 0 translation(s) (0 finished and 0 unfinished)
    Ignored 1 untranslated source text(s)
make[1]: Leaving directory '/Data/bb10_dev/FTP_Client/Client/translations'
make -C ./arm -f Makefile debug
make[1]: Entering directory '/Data/bb10_dev/FTP_Client/Client/arm'
make -f Makefile.Debug
make[2]: Entering directory '/Data/bb10_dev/FTP_Client/Client/arm'
/home/aranade/Work/BBDevelopment/bbndk/host_10_3_1_12/linux/x86/usr/bin/moc -DQT_NO_IMPORT_QT47_QML -DQ_OS_BLACKBERRY -DQT_DECLARATIVE_DEBUG -DQT_DECLARATIVE_LIB -DQT_CORE_LIB -DQT_SHARED -I/home/aranade/Work/BBDevelopment/bbndk/target_10_3_1_995/qnx6/usr/share/qt4/mkspecs/blackberry-armv7le-qcc -I../../Client -I/home/aranade/Work/BBDevelopment/bbndk/target_10_3_1_995/qnx6/usr/include/qt4/QtCore -I/home/aranade/Work/BBDevelopment/bbndk/target_10_3_1_995/qnx6/usr/include/qt4/QtDeclarative -I/home/aranade/Work/BBDevelopment/bbndk/target_10_3_1_995/qnx6/usr/include/qt4 -Io.le-v7-g/.moc -I/home/aranade/Work/BBDevelopment/bbndk/target_10_3_1_995/qnx6/usr/include/bb1 -I/home/aranade/Work/BBDevelopment/bbndk/target_10_3_1_995/qnx6/usr/include -I/home/aranade/Work/BBDevelopment/bbndk/target_10_3_1_995/qnx6/usr/include/freetype2 -I. -D__QNXNTO__ ../src/applicationui.hpp -o o.le-v7-g/.moc/moc_applicationui.cpp
qcc -Vgcc_ntoarmv7le -Wno-psabi -lang-c++ -fstack-protector -fstack-protector-all -mcpu=cortex-a9 -g -Wno-psabi -Wall -W -D_REENTRANT -DQT_NO_IMPORT_QT47_QML -DQ_OS_BLACKBERRY -DQT_DECLARATIVE_DEBUG -DQT_DECLARATIVE_LIB -DQT_CORE_LIB -DQT_SHARED -I/home/aranade/Work/BBDevelopment/bbndk/target_10_3_1_995/qnx6/usr/share/qt4/mkspecs/blackberry-armv7le-qcc -I../../Client -I/home/aranade/Work/BBDevelopment/bbndk/target_10_3_1_995/qnx6/usr/include/qt4/QtCore -I/home/aranade/Work/BBDevelopment/bbndk/target_10_3_1_995/qnx6/usr/include/qt4/QtDeclarative -I/home/aranade/Work/BBDevelopment/bbndk/target_10_3_1_995/qnx6/usr/include/qt4 -Io.le-v7-g/.moc -I/home/aranade/Work/BBDevelopment/bbndk/target_10_3_1_995/qnx6/usr/include/bb1 -I/home/aranade/Work/BBDevelopment/bbndk/target_10_3_1_995/qnx6/usr/include -I/home/aranade/Work/BBDevelopment/bbndk/target_10_3_1_995/qnx6/usr/include/freetype2 -I. -x c++-header -c ../precompiled.h -o o.le-v7-g/.obj/Client.gch/c++
qcc -Vgcc_ntoarmv7le -c -Wc,-include -Wc,o.le-v7-g/.obj/Client -Wno-psabi -lang-c++ -fstack-protector -fstack-protector-all -mcpu=cortex-a9 -g -Wno-psabi -Wall -W -D_REENTRANT -DQT_NO_IMPORT_QT47_QML -DQ_OS_BLACKBERRY -DQT_DECLARATIVE_DEBUG -DQT_DECLARATIVE_LIB -DQT_CORE_LIB -DQT_SHARED -I/home/aranade/Work/BBDevelopment/bbndk/target_10_3_1_995/qnx6/usr/share/qt4/mkspecs/blackberry-armv7le-qcc -I../../Client -I/home/aranade/Work/BBDevelopment/bbndk/target_10_3_1_995/qnx6/usr/include/qt4/QtCore -I/home/aranade/Work/BBDevelopment/bbndk/target_10_3_1_995/qnx6/usr/include/qt4/QtDeclarative -I/home/aranade/Work/BBDevelopment/bbndk/target_10_3_1_995/qnx6/usr/include/qt4 -Io.le-v7-g/.moc -I/home/aranade/Work/BBDevelopment/bbndk/target_10_3_1_995/qnx6/usr/include/bb1 -I/home/aranade/Work/BBDevelopment/bbndk/target_10_3_1_995/qnx6/usr/include -I/home/aranade/Work/BBDevelopment/bbndk/target_10_3_1_995/qnx6/usr/include/freetype2 -I. -o o.le-v7-g/.obj/applicationui.o ../src/applicationui.cpp
qcc -Vgcc_ntoarmv7le -c -Wc,-include -Wc,o.le-v7-g/.obj/Client -Wno-psabi -lang-c++ -fstack-protector -fstack-protector-all -mcpu=cortex-a9 -g -Wno-psabi -Wall -W -D_REENTRANT -DQT_NO_IMPORT_QT47_QML -DQ_OS_BLACKBERRY -DQT_DECLARATIVE_DEBUG -DQT_DECLARATIVE_LIB -DQT_CORE_LIB -DQT_SHARED -I/home/aranade/Work/BBDevelopment/bbndk/target_10_3_1_995/qnx6/usr/share/qt4/mkspecs/blackberry-armv7le-qcc -I../../Client -I/home/aranade/Work/BBDevelopment/bbndk/target_10_3_1_995/qnx6/usr/include/qt4/QtCore -I/home/aranade/Work/BBDevelopment/bbndk/target_10_3_1_995/qnx6/usr/include/qt4/QtDeclarative -I/home/aranade/Work/BBDevelopment/bbndk/target_10_3_1_995/qnx6/usr/include/qt4 -Io.le-v7-g/.moc -I/home/aranade/Work/BBDevelopment/bbndk/target_10_3_1_995/qnx6/usr/include/bb1 -I/home/aranade/Work/BBDevelopment/bbndk/target_10_3_1_995/qnx6/usr/include -I/home/aranade/Work/BBDevelopment/bbndk/target_10_3_1_995/qnx6/usr/include/freetype2 -I. -o o.le-v7-g/.obj/main.o ../src/main.cpp
qcc -Vgcc_ntoarmv7le -c -Wc,-include -Wc,o.le-v7-g/.obj/Client -Wno-psabi -lang-c++ -fstack-protector -fstack-protector-all -mcpu=cortex-a9 -g -Wno-psabi -Wall -W -D_REENTRANT -DQT_NO_IMPORT_QT47_QML -DQ_OS_BLACKBERRY -DQT_DECLARATIVE_DEBUG -DQT_DECLARATIVE_LIB -DQT_CORE_LIB -DQT_SHARED -I/home/aranade/Work/BBDevelopment/bbndk/target_10_3_1_995/qnx6/usr/share/qt4/mkspecs/blackberry-armv7le-qcc -I../../Client -I/home/aranade/Work/BBDevelopment/bbndk/target_10_3_1_995/qnx6/usr/include/qt4/QtCore -I/home/aranade/Work/BBDevelopment/bbndk/target_10_3_1_995/qnx6/usr/include/qt4/QtDeclarative -I/home/aranade/Work/BBDevelopment/bbndk/target_10_3_1_995/qnx6/usr/include/qt4 -Io.le-v7-g/.moc -I/home/aranade/Work/BBDevelopment/bbndk/target_10_3_1_995/qnx6/usr/include/bb1 -I/home/aranade/Work/BBDevelopment/bbndk/target_10_3_1_995/qnx6/usr/include -I/home/aranade/Work/BBDevelopment/bbndk/target_10_3_1_995/qnx6/usr/include/freetype2 -I. -o o.le-v7-g/.obj/moc_applicationui.o o.le-v7-g/.moc/moc_applicationui.cpp
qcc -Vgcc_ntoarmv7le -lang-c++ -Wl,-rpath-link,/home/aranade/Work/BBDevelopment/bbndk/target_10_3_1_995/qnx6/armle-v7/lib -Wl,-rpath-link,/home/aranade/Work/BBDevelopment/bbndk/target_10_3_1_995/qnx6/armle-v7/usr/lib -Wl,-rpath-link,/home/aranade/Work/BBDevelopment/bbndk/target_10_3_1_995/qnx6/armle-v7/usr/lib/qt4/lib -Wl,-rpath-link,/home/aranade/Work/BBDevelopment/bbndk/target_10_3_1_995/qnx6/armle-v7/usr/lib/qt4/lib -o o.le-v7-g/Client o.le-v7-g/.obj/applicationui.o o.le-v7-g/.obj/main.o o.le-v7-g/.obj/moc_applicationui.o    -L/home/aranade/Work/BBDevelopment/bbndk/target_10_3_1_995/qnx6/armle-v7/usr/lib/bb1 -L/home/aranade/Work/BBDevelopment/bbndk/target_10_3_1_995/qnx6/armle-v7/lib -L/home/aranade/Work/BBDevelopment/bbndk/target_10_3_1_995/qnx6/armle-v7/usr/lib -L/home/aranade/Work/BBDevelopment/bbndk/target_10_3_1_995/qnx6/armle-v7/usr/lib/qt4/lib -L/home/aranade/Work/BBDevelopment/bbndk/target_10_3_1_995/qnx6//usr/lib/qt4/lib -lbbcascades -lQtDeclarative -lQtScript -lQtSvg -lQtSql -lsqlite3 -lz -lQtXmlPatterns -lQtGui -lQtNetwork -lsocket -lQtCore -lm -lbps 
make[2]: Leaving directory '/Data/bb10_dev/FTP_Client/Client/arm'
make[1]: Leaving directory '/Data/bb10_dev/FTP_Client/Client/arm'
20:18:39 **** Build of configuration Device-Debug for project Upload ****
make -j4 Device-Debug 
make -C .//translations -f Makefile update
cd arm && /home/aranade/Work/BBDevelopment/bbndk/host_10_3_1_12/linux/x86/usr/bin/qmake -spec blackberry-armv7le-qcc ../Upload.pro CONFIG+=debug_and_release CONFIG+=device
make[1]: Entering directory '/Data/bb10_dev/FTP_Client/Upload/translations'
/home/aranade/Work/BBDevelopment/bbndk/host_10_3_1_12/linux/x86/usr/bin/lupdate Upload.pro
Updating 'Upload.ts'...
    Found 1 source text(s) (1 new and 0 already existing)
make[1]: Leaving directory '/Data/bb10_dev/FTP_Client/Upload/translations'
make -C .//translations -f Makefile release
make[1]: Entering directory '/Data/bb10_dev/FTP_Client/Upload/translations'
/home/aranade/Work/BBDevelopment/bbndk/host_10_3_1_12/linux/x86/usr/bin/lrelease Upload.pro
Updating '/Data/bb10_dev/FTP_Client/Upload/translations/Upload.qm'...
    Generated 0 translation(s) (0 finished and 0 unfinished)
    Ignored 1 untranslated source text(s)
make[1]: Leaving directory '/Data/bb10_dev/FTP_Client/Upload/translations'
make -C ./arm -f Makefile debug
make[1]: Entering directory '/Data/bb10_dev/FTP_Client/Upload/arm'
make -f Makefile.Debug
make[2]: Entering directory '/Data/bb10_dev/FTP_Client/Upload/arm'
/home/aranade/Work/BBDevelopment/bbndk/host_10_3_1_12/linux/x86/usr/bin/moc -DQT_NO_IMPORT_QT47_QML -DQ_OS_BLACKBERRY -DQT_DECLARATIVE_DEBUG -DQT_DECLARATIVE_LIB -DQT_CORE_LIB -DQT_SHARED -I/home/aranade/Work/BBDevelopment/bbndk/target_10_3_1_995/qnx6/usr/share/qt4/mkspecs/blackberry-armv7le-qcc -I../../Upload -I/home/aranade/Work/BBDevelopment/bbndk/target_10_3_1_995/qnx6/usr/include/qt4/QtCore -I/home/aranade/Work/BBDevelopment/bbndk/target_10_3_1_995/qnx6/usr/include/qt4/QtDeclarative -I/home/aranade/Work/BBDevelopment/bbndk/target_10_3_1_995/qnx6/usr/include/qt4 -Io.le-v7-g/.moc -I/home/aranade/Work/BBDevelopment/bbndk/target_10_3_1_995/qnx6/usr/include/bb1 -I/home/aranade/Work/BBDevelopment/bbndk/target_10_3_1_995/qnx6/usr/include -I/home/aranade/Work/BBDevelopment/bbndk/target_10_3_1_995/qnx6/usr/include/freetype2 -I. -D__QNXNTO__ ../src/applicationui.hpp -o o.le-v7-g/.moc/moc_applicationui.cpp
qcc -Vgcc_ntoarmv7le -Wno-psabi -lang-c++ -fstack-protector -fstack-protector-all -mcpu=cortex-a9 -g -Wno-psabi -Wall -W -D_REENTRANT -DQT_NO_IMPORT_QT47_QML -DQ_OS_BLACKBERRY -DQT_DECLARATIVE_DEBUG -DQT_DECLARATIVE_LIB -DQT_CORE_LIB -DQT_SHARED -I/home/aranade/Work/BBDevelopment/bbndk/target_10_3_1_995/qnx6/usr/share/qt4/mkspecs/blackberry-armv7le-qcc -I../../Upload -I/home/aranade/Work/BBDevelopment/bbndk/target_10_3_1_995/qnx6/usr/include/qt4/QtCore -I/home/aranade/Work/BBDevelopment/bbndk/target_10_3_1_995/qnx6/usr/include/qt4/QtDeclarative -I/home/aranade/Work/BBDevelopment/bbndk/target_10_3_1_995/qnx6/usr/include/qt4 -Io.le-v7-g/.moc -I/home/aranade/Work/BBDevelopment/bbndk/target_10_3_1_995/qnx6/usr/include/bb1 -I/home/aranade/Work/BBDevelopment/bbndk/target_10_3_1_995/qnx6/usr/include -I/home/aranade/Work/BBDevelopment/bbndk/target_10_3_1_995/qnx6/usr/include/freetype2 -I. -x c++-header -c ../precompiled.h -o o.le-v7-g/.obj/Upload.gch/c++
qcc -Vgcc_ntoarmv7le -c -Wc,-include -Wc,o.le-v7-g/.obj/Upload -Wno-psabi -lang-c++ -fstack-protector -fstack-protector-all -mcpu=cortex-a9 -g -Wno-psabi -Wall -W -D_REENTRANT -DQT_NO_IMPORT_QT47_QML -DQ_OS_BLACKBERRY -DQT_DECLARATIVE_DEBUG -DQT_DECLARATIVE_LIB -DQT_CORE_LIB -DQT_SHARED -I/home/aranade/Work/BBDevelopment/bbndk/target_10_3_1_995/qnx6/usr/share/qt4/mkspecs/blackberry-armv7le-qcc -I../../Upload -I/home/aranade/Work/BBDevelopment/bbndk/target_10_3_1_995/qnx6/usr/include/qt4/QtCore -I/home/aranade/Work/BBDevelopment/bbndk/target_10_3_1_995/qnx6/usr/include/qt4/QtDeclarative -I/home/aranade/Work/BBDevelopment/bbndk/target_10_3_1_995/qnx6/usr/include/qt4 -Io.le-v7-g/.moc -I/home/aranade/Work/BBDevelopment/bbndk/target_10_3_1_995/qnx6/usr/include/bb1 -I/home/aranade/Work/BBDevelopment/bbndk/target_10_3_1_995/qnx6/usr/include -I/home/aranade/Work/BBDevelopment/bbndk/target_10_3_1_995/qnx6/usr/include/freetype2 -I. -o o.le-v7-g/.obj/applicationui.o ../src/applicationui.cpp
qcc -Vgcc_ntoarmv7le -c -Wc,-include -Wc,o.le-v7-g/.obj/Upload -Wno-psabi -lang-c++ -fstack-protector -fstack-protector-all -mcpu=cortex-a9 -g -Wno-psabi -Wall -W -D_REENTRANT -DQT_NO_IMPORT_QT47_QML -DQ_OS_BLACKBERRY -DQT_DECLARATIVE_DEBUG -DQT_DECLARATIVE_LIB -DQT_CORE_LIB -DQT_SHARED -I/home/aranade/Work/BBDevelopment/bbndk/target_10_3_1_995/qnx6/usr/share/qt4/mkspecs/blackberry-armv7le-qcc -I../../Upload -I/home/aranade/Work/BBDevelopment/bbndk/target_10_3_1_995/qnx6/usr/include/qt4/QtCore -I/home/aranade/Work/BBDevelopment/bbndk/target_10_3_1_995/qnx6/usr/include/qt4/QtDeclarative -I/home/aranade/Work/BBDevelopment/bbndk/target_10_3_1_995/qnx6/usr/include/qt4 -Io.le-v7-g/.moc -I/home/aranade/Work/BBDevelopment/bbndk/target_10_3_1_995/qnx6/usr/include/bb1 -I/home/aranade/Work/BBDevelopment/bbndk/target_10_3_1_995/qnx6/usr/include -I/home/aranade/Work/BBDevelopment/bbndk/target_10_3_1_995/qnx6/usr/include/freetype2 -I. -o o.le-v7-g/.obj/main.o ../src/main.cpp
qcc -Vgcc_ntoarmv7le -c -Wc,-include -Wc,o.le-v7-g/.obj/Upload -Wno-psabi -lang-c++ -fstack-protector -fstack-protector-all -mcpu=cortex-a9 -g -Wno-psabi -Wall -W -D_REENTRANT -DQT_NO_IMPORT_QT47_QML -DQ_OS_BLACKBERRY -DQT_DECLARATIVE_DEBUG -DQT_DECLARATIVE_LIB -DQT_CORE_LIB -DQT_SHARED -I/home/aranade/Work/BBDevelopment/bbndk/target_10_3_1_995/qnx6/usr/share/qt4/mkspecs/blackberry-armv7le-qcc -I../../Upload -I/home/aranade/Work/BBDevelopment/bbndk/target_10_3_1_995/qnx6/usr/include/qt4/QtCore -I/home/aranade/Work/BBDevelopment/bbndk/target_10_3_1_995/qnx6/usr/include/qt4/QtDeclarative -I/home/aranade/Work/BBDevelopment/bbndk/target_10_3_1_995/qnx6/usr/include/qt4 -Io.le-v7-g/.moc -I/home/aranade/Work/BBDevelopment/bbndk/target_10_3_1_995/qnx6/usr/include/bb1 -I/home/aranade/Work/BBDevelopment/bbndk/target_10_3_1_995/qnx6/usr/include -I/home/aranade/Work/BBDevelopment/bbndk/target_10_3_1_995/qnx6/usr/include/freetype2 -I. -o o.le-v7-g/.obj/moc_applicationui.o o.le-v7-g/.moc/moc_applicationui.cpp
qcc -Vgcc_ntoarmv7le -lang-c++ -Wl,-rpath-link,/home/aranade/Work/BBDevelopment/bbndk/target_10_3_1_995/qnx6/armle-v7/lib -Wl,-rpath-link,/home/aranade/Work/BBDevelopment/bbndk/target_10_3_1_995/qnx6/armle-v7/usr/lib -Wl,-rpath-link,/home/aranade/Work/BBDevelopment/bbndk/target_10_3_1_995/qnx6/armle-v7/usr/lib/qt4/lib -Wl,-rpath-link,/home/aranade/Work/BBDevelopment/bbndk/target_10_3_1_995/qnx6/armle-v7/usr/lib/qt4/lib -o o.le-v7-g/Upload o.le-v7-g/.obj/applicationui.o o.le-v7-g/.obj/main.o o.le-v7-g/.obj/moc_applicationui.o    -L/home/aranade/Work/BBDevelopment/bbndk/target_10_3_1_995/qnx6/armle-v7/usr/lib/bb1 -L/home/aranade/Work/BBDevelopment/bbndk/target_10_3_1_995/qnx6/armle-v7/lib -L/home/aranade/Work/BBDevelopment/bbndk/target_10_3_1_995/qnx6/armle-v7/usr/lib -L/home/aranade/Work/BBDevelopment/bbndk/target_10_3_1_995/qnx6/armle-v7/usr/lib/qt4/lib -L/home/aranade/Work/BBDevelopment/bbndk/target_10_3_1_995/qnx6//usr/lib/qt4/lib -lbbcascades -lQtDeclarative -lQtScript -lQtSvg -lQtSql -lsqlite3 -lz -lQtXmlPatterns -lQtGui -lQtNetwork -lsocket -lQtCore -lm -lbps 
make[2]: Leaving directory '/Data/bb10_dev/FTP_Client/Upload/arm'
make[1]: Leaving directory '/Data/bb10_dev/FTP_Client/Upload/arm'
20:19:05 **** Incremental Build of configuration Device-Release for project Upload ****
make -j4 Device-Release 
make -C .//translations -f Makefile update
make[1]: Entering directory '/Data/bb10_dev/FTP_Client/Upload/translations'
/home/aranade/Work/BBDevelopment/bbndk/host_10_3_1_12/linux/x86/usr/bin/lupdate Upload.pro
Updating 'Upload.ts'...
    Found 1 source text(s) (0 new and 1 already existing)
make[1]: Leaving directory '/Data/bb10_dev/FTP_Client/Upload/translations'
make -C .//translations -f Makefile release
make[1]: Entering directory '/Data/bb10_dev/FTP_Client/Upload/translations'
/home/aranade/Work/BBDevelopment/bbndk/host_10_3_1_12/linux/x86/usr/bin/lrelease Upload.pro
Updating '/Data/bb10_dev/FTP_Client/Upload/translations/Upload.qm'...
    Generated 0 translation(s) (0 finished and 0 unfinished)
    Ignored 1 untranslated source text(s)
make[1]: Leaving directory '/Data/bb10_dev/FTP_Client/Upload/translations'
make -C ./arm -f Makefile release
make[1]: Entering directory '/Data/bb10_dev/FTP_Client/Upload/arm'
make -f Makefile.Release
make[2]: Entering directory '/Data/bb10_dev/FTP_Client/Upload/arm'
/home/aranade/Work/BBDevelopment/bbndk/host_10_3_1_12/linux/x86/usr/bin/moc -DQT_NO_IMPORT_QT47_QML -DQ_OS_BLACKBERRY -D_FORTIFY_SOURCE=2 -DQT_NO_DEBUG -DQT_DECLARATIVE_LIB -DQT_CORE_LIB -DQT_SHARED -I/home/aranade/Work/BBDevelopment/bbndk/target_10_3_1_995/qnx6/usr/share/qt4/mkspecs/blackberry-armv7le-qcc -I../../Upload -I/home/aranade/Work/BBDevelopment/bbndk/target_10_3_1_995/qnx6/usr/include/qt4/QtCore -I/home/aranade/Work/BBDevelopment/bbndk/target_10_3_1_995/qnx6/usr/include/qt4/QtDeclarative -I/home/aranade/Work/BBDevelopment/bbndk/target_10_3_1_995/qnx6/usr/include/qt4 -Io.le-v7/.moc -I/home/aranade/Work/BBDevelopment/bbndk/target_10_3_1_995/qnx6/usr/include/bb1 -I/home/aranade/Work/BBDevelopment/bbndk/target_10_3_1_995/qnx6/usr/include -I/home/aranade/Work/BBDevelopment/bbndk/target_10_3_1_995/qnx6/usr/include/freetype2 -I. -D__QNXNTO__ ../src/applicationui.hpp -o o.le-v7/.moc/moc_applicationui.cpp
qcc -Vgcc_ntoarmv7le -Wno-psabi -lang-c++ -fstack-protector -fstack-protector-all -mcpu=cortex-a9 -O2 -Wno-psabi -fstack-protector-strong -fvisibility=hidden -mthumb -Os -Wall -W -D_REENTRANT -fPIC -shared -DQT_NO_IMPORT_QT47_QML -DQ_OS_BLACKBERRY -D_FORTIFY_SOURCE=2 -DQT_NO_DEBUG -DQT_DECLARATIVE_LIB -DQT_CORE_LIB -DQT_SHARED -I/home/aranade/Work/BBDevelopment/bbndk/target_10_3_1_995/qnx6/usr/share/qt4/mkspecs/blackberry-armv7le-qcc -I../../Upload -I/home/aranade/Work/BBDevelopment/bbndk/target_10_3_1_995/qnx6/usr/include/qt4/QtCore -I/home/aranade/Work/BBDevelopment/bbndk/target_10_3_1_995/qnx6/usr/include/qt4/QtDeclarative -I/home/aranade/Work/BBDevelopment/bbndk/target_10_3_1_995/qnx6/usr/include/qt4 -Io.le-v7/.moc -I/home/aranade/Work/BBDevelopment/bbndk/target_10_3_1_995/qnx6/usr/include/bb1 -I/home/aranade/Work/BBDevelopment/bbndk/target_10_3_1_995/qnx6/usr/include -I/home/aranade/Work/BBDevelopment/bbndk/target_10_3_1_995/qnx6/usr/include/freetype2 -I. -x c++-header -c ../precompiled.h -o o.le-v7/.obj/Upload.gch/c++
qcc -Vgcc_ntoarmv7le -c -Wc,-include -Wc,o.le-v7/.obj/Upload -Wno-psabi -lang-c++ -fstack-protector -fstack-protector-all -mcpu=cortex-a9 -O2 -Wno-psabi -fstack-protector-strong -fvisibility=hidden -mthumb -Os -Wall -W -D_REENTRANT -fPIC -shared -DQT_NO_IMPORT_QT47_QML -DQ_OS_BLACKBERRY -D_FORTIFY_SOURCE=2 -DQT_NO_DEBUG -DQT_DECLARATIVE_LIB -DQT_CORE_LIB -DQT_SHARED -I/home/aranade/Work/BBDevelopment/bbndk/target_10_3_1_995/qnx6/usr/share/qt4/mkspecs/blackberry-armv7le-qcc -I../../Upload -I/home/aranade/Work/BBDevelopment/bbndk/target_10_3_1_995/qnx6/usr/include/qt4/QtCore -I/home/aranade/Work/BBDevelopment/bbndk/target_10_3_1_995/qnx6/usr/include/qt4/QtDeclarative -I/home/aranade/Work/BBDevelopment/bbndk/target_10_3_1_995/qnx6/usr/include/qt4 -Io.le-v7/.moc -I/home/aranade/Work/BBDevelopment/bbndk/target_10_3_1_995/qnx6/usr/include/bb1 -I/home/aranade/Work/BBDevelopment/bbndk/target_10_3_1_995/qnx6/usr/include -I/home/aranade/Work/BBDevelopment/bbndk/target_10_3_1_995/qnx6/usr/include/freetype2 -I. -o o.le-v7/.obj/applicationui.o ../src/applicationui.cpp
qcc -Vgcc_ntoarmv7le -c -Wc,-include -Wc,o.le-v7/.obj/Upload -Wno-psabi -lang-c++ -fstack-protector -fstack-protector-all -mcpu=cortex-a9 -O2 -Wno-psabi -fstack-protector-strong -fvisibility=hidden -mthumb -Os -Wall -W -D_REENTRANT -fPIC -shared -DQT_NO_IMPORT_QT47_QML -DQ_OS_BLACKBERRY -D_FORTIFY_SOURCE=2 -DQT_NO_DEBUG -DQT_DECLARATIVE_LIB -DQT_CORE_LIB -DQT_SHARED -I/home/aranade/Work/BBDevelopment/bbndk/target_10_3_1_995/qnx6/usr/share/qt4/mkspecs/blackberry-armv7le-qcc -I../../Upload -I/home/aranade/Work/BBDevelopment/bbndk/target_10_3_1_995/qnx6/usr/include/qt4/QtCore -I/home/aranade/Work/BBDevelopment/bbndk/target_10_3_1_995/qnx6/usr/include/qt4/QtDeclarative -I/home/aranade/Work/BBDevelopment/bbndk/target_10_3_1_995/qnx6/usr/include/qt4 -Io.le-v7/.moc -I/home/aranade/Work/BBDevelopment/bbndk/target_10_3_1_995/qnx6/usr/include/bb1 -I/home/aranade/Work/BBDevelopment/bbndk/target_10_3_1_995/qnx6/usr/include -I/home/aranade/Work/BBDevelopment/bbndk/target_10_3_1_995/qnx6/usr/include/freetype2 -I. -o o.le-v7/.obj/main.o ../src/main.cpp
qcc -Vgcc_ntoarmv7le -c -Wc,-include -Wc,o.le-v7/.obj/Upload -Wno-psabi -lang-c++ -fstack-protector -fstack-protector-all -mcpu=cortex-a9 -O2 -Wno-psabi -fstack-protector-strong -fvisibility=hidden -mthumb -Os -Wall -W -D_REENTRANT -fPIC -shared -DQT_NO_IMPORT_QT47_QML -DQ_OS_BLACKBERRY -D_FORTIFY_SOURCE=2 -DQT_NO_DEBUG -DQT_DECLARATIVE_LIB -DQT_CORE_LIB -DQT_SHARED -I/home/aranade/Work/BBDevelopment/bbndk/target_10_3_1_995/qnx6/usr/share/qt4/mkspecs/blackberry-armv7le-qcc -I../../Upload -I/home/aranade/Work/BBDevelopment/bbndk/target_10_3_1_995/qnx6/usr/include/qt4/QtCore -I/home/aranade/Work/BBDevelopment/bbndk/target_10_3_1_995/qnx6/usr/include/qt4/QtDeclarative -I/home/aranade/Work/BBDevelopment/bbndk/target_10_3_1_995/qnx6/usr/include/qt4 -Io.le-v7/.moc -I/home/aranade/Work/BBDevelopment/bbndk/target_10_3_1_995/qnx6/usr/include/bb1 -I/home/aranade/Work/BBDevelopment/bbndk/target_10_3_1_995/qnx6/usr/include -I/home/aranade/Work/BBDevelopment/bbndk/target_10_3_1_995/qnx6/usr/include/freetype2 -I. -o o.le-v7/.obj/moc_applicationui.o o.le-v7/.moc/moc_applicationui.cpp
rm -f libUpload.so.1.0.0 libUpload.so libUpload.so.1 libUpload.so.1.0
qcc -Vgcc_ntoarmv7le -lang-c++ -Wl,-rpath-link,/home/aranade/Work/BBDevelopment/bbndk/target_10_3_1_995/qnx6/armle-v7/lib -Wl,-rpath-link,/home/aranade/Work/BBDevelopment/bbndk/target_10_3_1_995/qnx6/armle-v7/usr/lib -Wl,-rpath-link,/home/aranade/Work/BBDevelopment/bbndk/target_10_3_1_995/qnx6/armle-v7/usr/lib/qt4/lib -Wl,-O1 -Wl,-rpath-link,/home/aranade/Work/BBDevelopment/bbndk/target_10_3_1_995/qnx6/armle-v7/usr/lib/qt4/lib -Wl,-z,relro -Wl,-soname,Upload.so -shared -Wl,-z,relro -Wl,-z,now -o libUpload.so.1.0.0 o.le-v7/.obj/applicationui.o o.le-v7/.obj/main.o o.le-v7/.obj/moc_applicationui.o   -L/home/aranade/Work/BBDevelopment/bbndk/target_10_3_1_995/qnx6/armle-v7/usr/lib/bb1 -L/home/aranade/Work/BBDevelopment/bbndk/target_10_3_1_995/qnx6/armle-v7/lib -L/home/aranade/Work/BBDevelopment/bbndk/target_10_3_1_995/qnx6/armle-v7/usr/lib -L/home/aranade/Work/BBDevelopment/bbndk/target_10_3_1_995/qnx6/armle-v7/usr/lib/qt4/lib -L/home/aranade/Work/BBDevelopment/bbndk/target_10_3_1_995/qnx6//usr/lib/qt4/lib -lbbcascades -lQtDeclarative -lQtScript -lQtSvg -lQtSql -lsqlite3 -lz -lQtXmlPatterns -lQtGui -lQtNetwork -lsocket -lQtCore -lm -lbps  
ln -s libUpload.so.1.0.0 libUpload.so
ln -s libUpload.so.1.0.0 libUpload.so.1
ln -s libUpload.so.1.0.0 libUpload.so.1.0
rm -f o.le-v7/libUpload.so.1.0.0
rm -f o.le-v7/libUpload.so
rm -f o.le-v7/libUpload.so.1
rm -f o.le-v7/libUpload.so.1.0
mv -f libUpload.so.1.0.0 libUpload.so libUpload.so.1 libUpload.so.1.0 o.le-v7/
echo && ntoarm-objcopy --only-keep-debug o.le-v7/libUpload.so.1.0.0 o.le-v7/Upload.so.sym && ntoarm-objcopy --strip-all -R.ident --add-gnu-debuglink o.le-v7/Upload.so.sym o.le-v7/libUpload.so.1.0.0 o.le-v7/Upload.so

make[2]: Leaving directory '/Data/bb10_dev/FTP_Client/Upload/arm'
make[1]: Leaving directory '/Data/bb10_dev/FTP_Client/Upload/arm'
20:31:12 **** Incremental Build of configuration Device-Release for project Client ****
make -j4 Device-Release 
make -C .//translations -f Makefile update
make[1]: Entering directory '/Data/bb10_dev/FTP_Client/Client/translations'
/home/aranade/Work/BBDevelopment/bbndk/host_10_3_1_12/linux/x86/usr/bin/lupdate Client.pro
Updating 'Client.ts'...
    Found 1 source text(s) (1 new and 0 already existing)
    Kept 1 obsolete entries
make[1]: Leaving directory '/Data/bb10_dev/FTP_Client/Client/translations'
make -C .//translations -f Makefile release
make[1]: Entering directory '/Data/bb10_dev/FTP_Client/Client/translations'
/home/aranade/Work/BBDevelopment/bbndk/host_10_3_1_12/linux/x86/usr/bin/lrelease Client.pro
Updating '/Data/bb10_dev/FTP_Client/Client/translations/Client.qm'...
    Generated 0 translation(s) (0 finished and 0 unfinished)
    Ignored 1 untranslated source text(s)
make[1]: Leaving directory '/Data/bb10_dev/FTP_Client/Client/translations'
make -C ./arm -f Makefile release
make[1]: Entering directory '/Data/bb10_dev/FTP_Client/Client/arm'
make -f Makefile.Release
make[2]: Entering directory '/Data/bb10_dev/FTP_Client/Client/arm'
/home/aranade/Work/BBDevelopment/bbndk/host_10_3_1_12/linux/x86/usr/bin/moc -DQT_NO_IMPORT_QT47_QML -DQ_OS_BLACKBERRY -D_FORTIFY_SOURCE=2 -DQT_NO_DEBUG -DQT_DECLARATIVE_LIB -DQT_CORE_LIB -DQT_SHARED -I/home/aranade/Work/BBDevelopment/bbndk/target_10_3_1_995/qnx6/usr/share/qt4/mkspecs/blackberry-armv7le-qcc -I../../Client -I/home/aranade/Work/BBDevelopment/bbndk/target_10_3_1_995/qnx6/usr/include/qt4/QtCore -I/home/aranade/Work/BBDevelopment/bbndk/target_10_3_1_995/qnx6/usr/include/qt4/QtDeclarative -I/home/aranade/Work/BBDevelopment/bbndk/target_10_3_1_995/qnx6/usr/include/qt4 -Io.le-v7/.moc -I/home/aranade/Work/BBDevelopment/bbndk/target_10_3_1_995/qnx6/usr/include/bb1 -I/home/aranade/Work/BBDevelopment/bbndk/target_10_3_1_995/qnx6/usr/include -I/home/aranade/Work/BBDevelopment/bbndk/target_10_3_1_995/qnx6/usr/include/freetype2 -I. -D__QNXNTO__ ../src/applicationui.hpp -o o.le-v7/.moc/moc_applicationui.cpp
qcc -Vgcc_ntoarmv7le -Wno-psabi -lang-c++ -fstack-protector -fstack-protector-all -mcpu=cortex-a9 -O2 -Wno-psabi -fstack-protector-strong -fvisibility=hidden -mthumb -Os -Wall -W -D_REENTRANT -fPIC -shared -DQT_NO_IMPORT_QT47_QML -DQ_OS_BLACKBERRY -D_FORTIFY_SOURCE=2 -DQT_NO_DEBUG -DQT_DECLARATIVE_LIB -DQT_CORE_LIB -DQT_SHARED -I/home/aranade/Work/BBDevelopment/bbndk/target_10_3_1_995/qnx6/usr/share/qt4/mkspecs/blackberry-armv7le-qcc -I../../Client -I/home/aranade/Work/BBDevelopment/bbndk/target_10_3_1_995/qnx6/usr/include/qt4/QtCore -I/home/aranade/Work/BBDevelopment/bbndk/target_10_3_1_995/qnx6/usr/include/qt4/QtDeclarative -I/home/aranade/Work/BBDevelopment/bbndk/target_10_3_1_995/qnx6/usr/include/qt4 -Io.le-v7/.moc -I/home/aranade/Work/BBDevelopment/bbndk/target_10_3_1_995/qnx6/usr/include/bb1 -I/home/aranade/Work/BBDevelopment/bbndk/target_10_3_1_995/qnx6/usr/include -I/home/aranade/Work/BBDevelopment/bbndk/target_10_3_1_995/qnx6/usr/include/freetype2 -I. -x c++-header -c ../precompiled.h -o o.le-v7/.obj/Client.gch/c++
qcc -Vgcc_ntoarmv7le -c -Wc,-include -Wc,o.le-v7/.obj/Client -Wno-psabi -lang-c++ -fstack-protector -fstack-protector-all -mcpu=cortex-a9 -O2 -Wno-psabi -fstack-protector-strong -fvisibility=hidden -mthumb -Os -Wall -W -D_REENTRANT -fPIC -shared -DQT_NO_IMPORT_QT47_QML -DQ_OS_BLACKBERRY -D_FORTIFY_SOURCE=2 -DQT_NO_DEBUG -DQT_DECLARATIVE_LIB -DQT_CORE_LIB -DQT_SHARED -I/home/aranade/Work/BBDevelopment/bbndk/target_10_3_1_995/qnx6/usr/share/qt4/mkspecs/blackberry-armv7le-qcc -I../../Client -I/home/aranade/Work/BBDevelopment/bbndk/target_10_3_1_995/qnx6/usr/include/qt4/QtCore -I/home/aranade/Work/BBDevelopment/bbndk/target_10_3_1_995/qnx6/usr/include/qt4/QtDeclarative -I/home/aranade/Work/BBDevelopment/bbndk/target_10_3_1_995/qnx6/usr/include/qt4 -Io.le-v7/.moc -I/home/aranade/Work/BBDevelopment/bbndk/target_10_3_1_995/qnx6/usr/include/bb1 -I/home/aranade/Work/BBDevelopment/bbndk/target_10_3_1_995/qnx6/usr/include -I/home/aranade/Work/BBDevelopment/bbndk/target_10_3_1_995/qnx6/usr/include/freetype2 -I. -o o.le-v7/.obj/applicationui.o ../src/applicationui.cpp
qcc -Vgcc_ntoarmv7le -c -Wc,-include -Wc,o.le-v7/.obj/Client -Wno-psabi -lang-c++ -fstack-protector -fstack-protector-all -mcpu=cortex-a9 -O2 -Wno-psabi -fstack-protector-strong -fvisibility=hidden -mthumb -Os -Wall -W -D_REENTRANT -fPIC -shared -DQT_NO_IMPORT_QT47_QML -DQ_OS_BLACKBERRY -D_FORTIFY_SOURCE=2 -DQT_NO_DEBUG -DQT_DECLARATIVE_LIB -DQT_CORE_LIB -DQT_SHARED -I/home/aranade/Work/BBDevelopment/bbndk/target_10_3_1_995/qnx6/usr/share/qt4/mkspecs/blackberry-armv7le-qcc -I../../Client -I/home/aranade/Work/BBDevelopment/bbndk/target_10_3_1_995/qnx6/usr/include/qt4/QtCore -I/home/aranade/Work/BBDevelopment/bbndk/target_10_3_1_995/qnx6/usr/include/qt4/QtDeclarative -I/home/aranade/Work/BBDevelopment/bbndk/target_10_3_1_995/qnx6/usr/include/qt4 -Io.le-v7/.moc -I/home/aranade/Work/BBDevelopment/bbndk/target_10_3_1_995/qnx6/usr/include/bb1 -I/home/aranade/Work/BBDevelopment/bbndk/target_10_3_1_995/qnx6/usr/include -I/home/aranade/Work/BBDevelopment/bbndk/target_10_3_1_995/qnx6/usr/include/freetype2 -I. -o o.le-v7/.obj/main.o ../src/main.cpp
qcc -Vgcc_ntoarmv7le -c -Wc,-include -Wc,o.le-v7/.obj/Client -Wno-psabi -lang-c++ -fstack-protector -fstack-protector-all -mcpu=cortex-a9 -O2 -Wno-psabi -fstack-protector-strong -fvisibility=hidden -mthumb -Os -Wall -W -D_REENTRANT -fPIC -shared -DQT_NO_IMPORT_QT47_QML -DQ_OS_BLACKBERRY -D_FORTIFY_SOURCE=2 -DQT_NO_DEBUG -DQT_DECLARATIVE_LIB -DQT_CORE_LIB -DQT_SHARED -I/home/aranade/Work/BBDevelopment/bbndk/target_10_3_1_995/qnx6/usr/share/qt4/mkspecs/blackberry-armv7le-qcc -I../../Client -I/home/aranade/Work/BBDevelopment/bbndk/target_10_3_1_995/qnx6/usr/include/qt4/QtCore -I/home/aranade/Work/BBDevelopment/bbndk/target_10_3_1_995/qnx6/usr/include/qt4/QtDeclarative -I/home/aranade/Work/BBDevelopment/bbndk/target_10_3_1_995/qnx6/usr/include/qt4 -Io.le-v7/.moc -I/home/aranade/Work/BBDevelopment/bbndk/target_10_3_1_995/qnx6/usr/include/bb1 -I/home/aranade/Work/BBDevelopment/bbndk/target_10_3_1_995/qnx6/usr/include -I/home/aranade/Work/BBDevelopment/bbndk/target_10_3_1_995/qnx6/usr/include/freetype2 -I. -o o.le-v7/.obj/moc_applicationui.o o.le-v7/.moc/moc_applicationui.cpp
rm -f libClient.so.1.0.0 libClient.so libClient.so.1 libClient.so.1.0
qcc -Vgcc_ntoarmv7le -lang-c++ -Wl,-rpath-link,/home/aranade/Work/BBDevelopment/bbndk/target_10_3_1_995/qnx6/armle-v7/lib -Wl,-rpath-link,/home/aranade/Work/BBDevelopment/bbndk/target_10_3_1_995/qnx6/armle-v7/usr/lib -Wl,-rpath-link,/home/aranade/Work/BBDevelopment/bbndk/target_10_3_1_995/qnx6/armle-v7/usr/lib/qt4/lib -Wl,-O1 -Wl,-rpath-link,/home/aranade/Work/BBDevelopment/bbndk/target_10_3_1_995/qnx6/armle-v7/usr/lib/qt4/lib -Wl,-z,relro -Wl,-soname,Client.so -shared -Wl,-z,relro -Wl,-z,now -o libClient.so.1.0.0 o.le-v7/.obj/applicationui.o o.le-v7/.obj/main.o o.le-v7/.obj/moc_applicationui.o   -L/home/aranade/Work/BBDevelopment/bbndk/target_10_3_1_995/qnx6/armle-v7/usr/lib/bb1 -L/home/aranade/Work/BBDevelopment/bbndk/target_10_3_1_995/qnx6/armle-v7/lib -L/home/aranade/Work/BBDevelopment/bbndk/target_10_3_1_995/qnx6/armle-v7/usr/lib -L/home/aranade/Work/BBDevelopment/bbndk/target_10_3_1_995/qnx6/armle-v7/usr/lib/qt4/lib -L/home/aranade/Work/BBDevelopment/bbndk/target_10_3_1_995/qnx6//usr/lib/qt4/lib -lbbcascades -lQtDeclarative -lQtScript -lQtSvg -lQtSql -lsqlite3 -lz -lQtXmlPatterns -lQtGui -lQtNetwork -lsocket -lQtCore -lm -lbps  
ln -s libClient.so.1.0.0 libClient.so
ln -s libClient.so.1.0.0 libClient.so.1
ln -s libClient.so.1.0.0 libClient.so.1.0
rm -f o.le-v7/libClient.so.1.0.0
rm -f o.le-v7/libClient.so
rm -f o.le-v7/libClient.so.1
rm -f o.le-v7/libClient.so.1.0
mv -f libClient.so.1.0.0 libClient.so libClient.so.1 libClient.so.1.0 o.le-v7/
echo && ntoarm-objcopy --only-keep-debug o.le-v7/libClient.so.1.0.0 o.le-v7/Client.so.sym && ntoarm-objcopy --strip-all -R.ident --add-gnu-debuglink o.le-v7/Client.so.sym o.le-v7/libClient.so.1.0.0 o.le-v7/Client.so

make[2]: Leaving directory '/Data/bb10_dev/FTP_Client/Client/arm'
make[1]: Leaving directory '/Data/bb10_dev/FTP_Client/Client/arm'
20:31:49 **** Incremental Build of configuration Device-Release for project Client ****
make -j4 Device-Release 
make -C .//translations -f Makefile update
make[1]: Entering directory '/Data/bb10_dev/FTP_Client/Client/translations'
/home/aranade/Work/BBDevelopment/bbndk/host_10_3_1_12/linux/x86/usr/bin/lupdate Client.pro
Updating 'Client.ts'...
    Found 1 source text(s) (0 new and 1 already existing)
make[1]: Leaving directory '/Data/bb10_dev/FTP_Client/Client/translations'
make -C .//translations -f Makefile release
make[1]: Entering directory '/Data/bb10_dev/FTP_Client/Client/translations'
/home/aranade/Work/BBDevelopment/bbndk/host_10_3_1_12/linux/x86/usr/bin/lrelease Client.pro
Updating '/Data/bb10_dev/FTP_Client/Client/translations/Client.qm'...
    Generated 0 translation(s) (0 finished and 0 unfinished)
    Ignored 1 untranslated source text(s)
make[1]: Leaving directory '/Data/bb10_dev/FTP_Client/Client/translations'
make -C ./arm -f Makefile release
make[1]: Entering directory '/Data/bb10_dev/FTP_Client/Client/arm'
make -f Makefile.Release
make[2]: Entering directory '/Data/bb10_dev/FTP_Client/Client/arm'
make[2]: Nothing to be done for 'first'.
make[2]: Leaving directory '/Data/bb10_dev/FTP_Client/Client/arm'
make[1]: Leaving directory '/Data/bb10_dev/FTP_Client/Client/arm'
20:32:14 **** Incremental Build of configuration Device-Release for project Client ****
make -j4 Device-Release 
make -C .//translations -f Makefile update
make[1]: Entering directory '/Data/bb10_dev/FTP_Client/Client/translations'
/home/aranade/Work/BBDevelopment/bbndk/host_10_3_1_12/linux/x86/usr/bin/lupdate Client.pro
Updating 'Client.ts'...
    Found 1 source text(s) (0 new and 1 already existing)
make[1]: Leaving directory '/Data/bb10_dev/FTP_Client/Client/translations'
make -C .//translations -f Makefile release
make[1]: Entering directory '/Data/bb10_dev/FTP_Client/Client/translations'
/home/aranade/Work/BBDevelopment/bbndk/host_10_3_1_12/linux/x86/usr/bin/lrelease Client.pro
Updating '/Data/bb10_dev/FTP_Client/Client/translations/Client.qm'...
    Generated 0 translation(s) (0 finished and 0 unfinished)
    Ignored 1 untranslated source text(s)
make[1]: Leaving directory '/Data/bb10_dev/FTP_Client/Client/translations'
make -C ./arm -f Makefile release
make[1]: Entering directory '/Data/bb10_dev/FTP_Client/Client/arm'
make -f Makefile.Release
make[2]: Entering directory '/Data/bb10_dev/FTP_Client/Client/arm'
make[2]: Nothing to be done for 'first'.
make[2]: Leaving directory '/Data/bb10_dev/FTP_Client/Client/arm'
make[1]: Leaving directory '/Data/bb10_dev/FTP_Client/Client/arm'
